<?xml version="1.0" encoding="UTF-8"?>
<testng-results ignored="0" total="1" passed="1" failed="0" skipped="0">
  <reporter-output>
  </reporter-output>
  <suite started-at="2022-07-21T20:27:02 IST" name="Default suite" finished-at="2022-07-21T20:27:21 IST" duration-ms="19643">
    <groups>
    </groups>
    <test started-at="2022-07-21T20:27:02 IST" name="Default test" finished-at="2022-07-21T20:27:21 IST" duration-ms="19643">
      <class name="maven.NewTest">
        <test-method is-config="true" signature="before1()[pri:0, instance:maven.NewTest@ffaa6af]" started-at="2022-07-21T20:27:02 IST" name="before1" finished-at="2022-07-21T20:27:09 IST" duration-ms="7288" status="PASS">
          <reporter-output>
          </reporter-output>
        </test-method> <!-- before1 -->
        <test-method signature="f()[pri:0, instance:maven.NewTest@ffaa6af]" started-at="2022-07-21T20:27:09 IST" name="f" finished-at="2022-07-21T20:27:21 IST" duration-ms="11872" status="PASS">
          <reporter-output>
          </reporter-output>
        </test-method> <!-- f -->
        <test-method is-config="true" signature="afterTest()[pri:0, instance:maven.NewTest@ffaa6af]" started-at="2022-07-21T20:27:21 IST" name="afterTest" finished-at="2022-07-21T20:27:21 IST" duration-ms="407" status="PASS">
          <reporter-output>
          </reporter-output>
        </test-method> <!-- afterTest -->
      </class> <!-- maven.NewTest -->
    </test> <!-- Default test -->
  </suite> <!-- Default suite -->
</testng-results>
